<?xml version="1.0" encoding="UTF-8"?>
<testsuite name="myPackage.FetchTest" tests="3" skipped="0" failures="0" errors="0" timestamp="2017-10-15T18:26:08" hostname="muhamed-SATELLITE-L855" time="0.002">
  <properties/>
  <testcase name="testInitialization" classname="myPackage.FetchTest" time="0.002"/>
  <testcase name="testFetch" classname="myPackage.FetchTest" time="0.0"/>
  <testcase name="testGetList" classname="myPackage.FetchTest" time="0.0"/>
  <system-out><![CDATA[]]></system-out>
  <system-err><![CDATA[]]></system-err>
</testsuite>
