<?xml version="1.0" encoding="UTF-8"?>
<testsuite name="FetchTest" tests="3" skipped="0" failures="0" errors="0" timestamp="2017-10-15T18:33:26" hostname="muhamed-SATELLITE-L855" time="0.003">
  <properties/>
  <testcase name="testGetList" classname="FetchTest" time="0.002"/>
  <testcase name="testFetch" classname="FetchTest" time="0.001"/>
  <testcase name="testInitialization" classname="FetchTest" time="0.0"/>
  <system-out><![CDATA[]]></system-out>
  <system-err><![CDATA[]]></system-err>
</testsuite>
