<?xml version="1.0" encoding="UTF-8"?>
<testsuite name="myPackage.ValidatorTest" tests="3" skipped="0" failures="0" errors="0" timestamp="2017-10-15T18:26:08" hostname="muhamed-SATELLITE-L855" time="0.002">
  <properties/>
  <testcase name="testInitialization" classname="myPackage.ValidatorTest" time="0.001"/>
  <testcase name="testValidAddingToList" classname="myPackage.ValidatorTest" time="0.001"/>
  <testcase name="testInvalidAddingToList" classname="myPackage.ValidatorTest" time="0.0"/>
  <system-out><![CDATA[]]></system-out>
  <system-err><![CDATA[]]></system-err>
</testsuite>
