<?xml version="1.0" encoding="UTF-8"?>
<testsuite name="ValidatorTest" tests="3" skipped="0" failures="0" errors="0" timestamp="2017-10-15T18:33:26" hostname="muhamed-SATELLITE-L855" time="0.003">
  <properties/>
  <testcase name="testInitialization" classname="ValidatorTest" time="0.001"/>
  <testcase name="testInvalidAddingToList" classname="ValidatorTest" time="0.001"/>
  <testcase name="testValidAddingToList" classname="ValidatorTest" time="0.001"/>
  <system-out><![CDATA[]]></system-out>
  <system-err><![CDATA[]]></system-err>
</testsuite>
